<?xml version="1.0" encoding="UTF-8"?>
<!-- Generated by org.testng.reporters.JUnitReportReporter -->
<testsuite skipped="0" hostname="SGGS" name="newstorepckg.ProjectStore" tests="2" failures="0" timestamp="07 Jul 2019 14:32:17 GMT" time="45.810" errors="0">
  <testcase name="TC_01" time="14.867" classname="newstorepckg.ProjectStore"/>
  <testcase name="TC_02" time="30.943" classname="newstorepckg.ProjectStore"/>
</testsuite> <!-- newstorepckg.ProjectStore -->
