<?xml version="1.0" encoding="UTF-8"?>
<!-- Generated by org.testng.reporters.JUnitReportReporter -->
<testsuite skipped="0" hostname="SGGS" name="newstorepckg.ProjectStore" tests="1" failures="0" timestamp="06 Jul 2019 13:23:52 GMT" time="30.486" errors="0">
  <testcase name="TC_01" time="30.486" classname="newstorepckg.ProjectStore"/>
</testsuite> <!-- newstorepckg.ProjectStore -->
